[debug] [2020-11-24T12:20:24.785Z] ----------------------------------------------------------------------
[debug] [2020-11-24T12:20:24.788Z] Command:       C:\Program Files\nodejs\node.exe C:\Users\user\AppData\Roaming\npm\node_modules\firebase-tools\lib\bin\firebase.js emulators:start
[debug] [2020-11-24T12:20:24.788Z] CLI Version:   8.16.2
[debug] [2020-11-24T12:20:24.789Z] Platform:      win32
[debug] [2020-11-24T12:20:24.789Z] Node Version:  v12.19.0
[debug] [2020-11-24T12:20:24.790Z] Time:          Tue Nov 24 2020 04:20:24 GMT-0800 (Pacific Standard Time)
[debug] [2020-11-24T12:20:24.790Z] ----------------------------------------------------------------------
[debug] [2020-11-24T12:20:24.791Z] 
[debug] [2020-11-24T12:20:24.805Z] >>> [apiv2][query] GET https://firebase-public.firebaseio.com/cli.json [none]
[debug] [2020-11-24T12:20:24.888Z] > command requires scopes: ["email","openid","https://www.googleapis.com/auth/cloudplatformprojects.readonly","https://www.googleapis.com/auth/firebase","https://www.googleapis.com/auth/cloud-platform"]
[debug] [2020-11-24T12:20:24.889Z] > authorizing via signed-in user
[info] i  emulators: Starting emulators: functions {"metadata":{"emulator":{"name":"hub"},"message":"Starting emulators: functions"}}
[debug] [2020-11-24T12:20:25.011Z] [hub] writing locator at C:\Users\user\AppData\Local\Temp\hub-design-f8cd9.json
[warn] !  functions: The following emulators are not running, calls to these services from the Functions emulator will affect production: auth, firestore, database, hosting, pubsub {"metadata":{"emulator":{"name":"functions"},"message":"The following emulators are not running, calls to these services from the Functions emulator will affect production: \u001b[1mauth, firestore, database, hosting, pubsub\u001b[22m"}}
[info] +  functions: Using node@12 from host. {"metadata":{"emulator":{"name":"functions"},"message":"Using node@12 from host."}}
[debug] [2020-11-24T12:20:25.147Z] defaultcredentials: writing to file C:\Users\user\AppData\Roaming\firebase\oguntoyekehindea_gmail_com_application_default_credentials.json
[debug] [2020-11-24T12:20:25.157Z] Setting GAC to C:\Users\user\AppData\Roaming\firebase\oguntoyekehindea_gmail_com_application_default_credentials.json {"metadata":{"emulator":{"name":"functions"},"message":"Setting GAC to C:\\Users\\user\\AppData\\Roaming\\firebase\\oguntoyekehindea_gmail_com_application_default_credentials.json"}}
[info] i  ui: downloading ui-v1.2.2.zip... {"metadata":{"emulator":{"name":"ui"},"message":"downloading ui-v1.2.2.zip..."}}
[debug] [2020-11-24T12:20:25.218Z] >>> [apiv2][query] GET https://storage.googleapis.com/firebase-preview-drop/emulator/ui-v1.2.2.zip [none]
[debug] [2020-11-24T12:20:25.712Z] <<< [apiv2][status] GET https://storage.googleapis.com/firebase-preview-drop/emulator/ui-v1.2.2.zip 200
[debug] [2020-11-24T12:20:25.712Z] <<< [apiv2][body] GET https://storage.googleapis.com/firebase-preview-drop/emulator/ui-v1.2.2.zip [stream]
[debug] [2020-11-24T12:20:25.786Z] <<< [apiv2][status] GET https://firebase-public.firebaseio.com/cli.json 200
[debug] [2020-11-24T12:20:25.787Z] <<< [apiv2][body] GET https://firebase-public.firebaseio.com/cli.json {"cloudBuildErrorAfter":1594252800000,"cloudBuildWarnAfter":1590019200000,"defaultNode10After":1594252800000,"minVersion":"3.0.5","node8DeploysDisabledAfter":1613390400000,"node8RuntimeDisabledAfter":1615809600000,"node8WarnAfter":1600128000000}
[info] i  ui: Removing outdated emulator files: ui-v1.1.1 {"metadata":{"emulator":{"name":"ui"},"message":"Removing outdated emulator files: ui-v1.1.1"}}
[info] i  ui: Removing outdated emulator files: ui-v1.1.1.zip {"metadata":{"emulator":{"name":"ui"},"message":"Removing outdated emulator files: ui-v1.1.1.zip"}}
[debug] [2020-11-24T12:20:29.453Z] Ignoring unsupported arg: auto_download {"metadata":{"emulator":{"name":"ui"},"message":"Ignoring unsupported arg: auto_download"}}
[debug] [2020-11-24T12:20:29.453Z] Ignoring unsupported arg: port {"metadata":{"emulator":{"name":"ui"},"message":"Ignoring unsupported arg: port"}}
[debug] [2020-11-24T12:20:29.453Z] Starting Emulator UI with command {"binary":"node","args":["C:\\Users\\user\\.cache\\firebase\\emulators\\ui-v1.2.2\\server.bundle.js"],"optionalArgs":[],"joinArgs":false} {"metadata":{"emulator":{"name":"ui"},"message":"Starting Emulator UI with command {\"binary\":\"node\",\"args\":[\"C:\\\\Users\\\\user\\\\.cache\\\\firebase\\\\emulators\\\\ui-v1.2.2\\\\server.bundle.js\"],\"optionalArgs\":[],\"joinArgs\":false}"}}
[info] i  ui: Emulator UI logging to ui-debug.log {"metadata":{"emulator":{"name":"ui"},"message":"Emulator UI logging to \u001b[1mui-debug.log\u001b[22m"}}
[debug] [2020-11-24T12:20:29.719Z] Web / API server started at http://localhost:4000
 {"metadata":{"emulator":{"name":"ui"},"message":"Web / API server started at http://localhost:4000\n"}}
[info] i  functions: Watching "C:\Users\user\Desktop\amazon\amazon-clone\amazon-clone\functions" for Cloud Functions... {"metadata":{"emulator":{"name":"functions"},"message":"Watching \"C:\\Users\\user\\Desktop\\amazon\\amazon-clone\\amazon-clone\\functions\" for Cloud Functions..."}}
[debug] [2020-11-24T12:20:29.849Z] [worker-pool] addWorker(~diagnostic~) {"metadata":{"emulator":{"name":"functions"},"message":"[worker-pool] addWorker(~diagnostic~)"}}
[debug] [2020-11-24T12:20:29.849Z] [worker-pool] Adding worker with key ~diagnostic~, total=1 {"metadata":{"emulator":{"name":"functions"},"message":"[worker-pool] Adding worker with key ~diagnostic~, total=1"}}
[debug] [2020-11-24T12:20:29.849Z] [worker-pool] submitWork(triggerId=) {"metadata":{"emulator":{"name":"functions"},"message":"[worker-pool] submitWork(triggerId=)"}}
[debug] [2020-11-24T12:20:29.850Z] [worker-~diagnostic~-20960de7-0434-41d4-9bdc-6bf442088cbc]: Assigning socketPath: \\?\pipe\C:\Users\user\Desktop\amazon\amazon-clone\amazon-clone\functions\288624 {"metadata":{"emulator":{"name":"functions"},"message":"[worker-~diagnostic~-20960de7-0434-41d4-9bdc-6bf442088cbc]: Assigning socketPath: \\\\?\\pipe\\C:\\Users\\user\\Desktop\\amazon\\amazon-clone\\amazon-clone\\functions\\288624"}}
[debug] [2020-11-24T12:20:29.850Z] [worker-~diagnostic~-20960de7-0434-41d4-9bdc-6bf442088cbc]: BUSY {"metadata":{"emulator":{"name":"functions"},"message":"[worker-~diagnostic~-20960de7-0434-41d4-9bdc-6bf442088cbc]: BUSY"}}
[debug] [2020-11-24T12:20:30.717Z] [runtime-status] [288624] Functions runtime initialized. {"cwd":"C:\\Users\\user\\Desktop\\amazon\\amazon-clone\\amazon-clone\\functions","node_version":"12.19.0"} {"metadata":{"emulator":{"name":"functions"},"message":"[runtime-status] [288624] Functions runtime initialized. {\"cwd\":\"C:\\\\Users\\\\user\\\\Desktop\\\\amazon\\\\amazon-clone\\\\amazon-clone\\\\functions\",\"node_version\":\"12.19.0\"}"}}
[debug] [2020-11-24T12:20:30.722Z] [runtime-status] [288624] Disabled runtime features: undefined {"metadata":{"emulator":{"name":"functions"},"message":"[runtime-status] [288624] Disabled runtime features: undefined"}}
[debug] [2020-11-24T12:20:30.745Z] [runtime-status] [288624] Resolved module firebase-admin {"declared":true,"installed":true,"version":"9.2.0","resolution":"C:\\Users\\user\\Desktop\\amazon\\amazon-clone\\amazon-clone\\functions\\node_modules\\firebase-admin\\lib\\index.js"} {"metadata":{"emulator":{"name":"functions"},"message":"[runtime-status] [288624] Resolved module firebase-admin {\"declared\":true,\"installed\":true,\"version\":\"9.2.0\",\"resolution\":\"C:\\\\Users\\\\user\\\\Desktop\\\\amazon\\\\amazon-clone\\\\amazon-clone\\\\functions\\\\node_modules\\\\firebase-admin\\\\lib\\\\index.js\"}"}}
[debug] [2020-11-24T12:20:30.751Z] [runtime-status] [288624] Resolved module firebase-functions {"declared":true,"installed":true,"version":"3.11.0","resolution":"C:\\Users\\user\\Desktop\\amazon\\amazon-clone\\amazon-clone\\functions\\node_modules\\firebase-functions\\lib\\index.js"} {"metadata":{"emulator":{"name":"functions"},"message":"[runtime-status] [288624] Resolved module firebase-functions {\"declared\":true,\"installed\":true,\"version\":\"3.11.0\",\"resolution\":\"C:\\\\Users\\\\user\\\\Desktop\\\\amazon\\\\amazon-clone\\\\amazon-clone\\\\functions\\\\node_modules\\\\firebase-functions\\\\lib\\\\index.js\"}"}}
[debug] [2020-11-24T12:20:30.753Z] [runtime-status] [288624] Resolved module firebase-functions {"declared":true,"installed":true,"version":"3.11.0","resolution":"C:\\Users\\user\\Desktop\\amazon\\amazon-clone\\amazon-clone\\functions\\node_modules\\firebase-functions\\lib\\index.js"} {"metadata":{"emulator":{"name":"functions"},"message":"[runtime-status] [288624] Resolved module firebase-functions {\"declared\":true,\"installed\":true,\"version\":\"3.11.0\",\"resolution\":\"C:\\\\Users\\\\user\\\\Desktop\\\\amazon\\\\amazon-clone\\\\amazon-clone\\\\functions\\\\node_modules\\\\firebase-functions\\\\lib\\\\index.js\"}"}}
[debug] [2020-11-24T12:20:30.755Z] [runtime-status] [288624] Outgoing network have been stubbed. [{"name":"http","status":"mocked"},{"name":"http","status":"mocked"},{"name":"https","status":"mocked"},{"name":"https","status":"mocked"},{"name":"net","status":"mocked"}] {"metadata":{"emulator":{"name":"functions"},"message":"[runtime-status] [288624] Outgoing network have been stubbed. [{\"name\":\"http\",\"status\":\"mocked\"},{\"name\":\"http\",\"status\":\"mocked\"},{\"name\":\"https\",\"status\":\"mocked\"},{\"name\":\"https\",\"status\":\"mocked\"},{\"name\":\"net\",\"status\":\"mocked\"}]"}}
[debug] [2020-11-24T12:20:30.756Z] [runtime-status] [288624] Resolved module firebase-functions {"declared":true,"installed":true,"version":"3.11.0","resolution":"C:\\Users\\user\\Desktop\\amazon\\amazon-clone\\amazon-clone\\functions\\node_modules\\firebase-functions\\lib\\index.js"} {"metadata":{"emulator":{"name":"functions"},"message":"[runtime-status] [288624] Resolved module firebase-functions {\"declared\":true,\"installed\":true,\"version\":\"3.11.0\",\"resolution\":\"C:\\\\Users\\\\user\\\\Desktop\\\\amazon\\\\amazon-clone\\\\amazon-clone\\\\functions\\\\node_modules\\\\firebase-functions\\\\lib\\\\index.js\"}"}}
[debug] [2020-11-24T12:20:31.444Z] [runtime-status] [288624] Checked functions.config() {"config":{}} {"metadata":{"emulator":{"name":"functions"},"message":"[runtime-status] [288624] Checked functions.config() {\"config\":{}}"}}
[debug] [2020-11-24T12:20:31.445Z] [runtime-status] [288624] firebase-functions has been stubbed. {"functionsResolution":{"declared":true,"installed":true,"version":"3.11.0","resolution":"C:\\Users\\user\\Desktop\\amazon\\amazon-clone\\amazon-clone\\functions\\node_modules\\firebase-functions\\lib\\index.js"}} {"metadata":{"emulator":{"name":"functions"},"message":"[runtime-status] [288624] firebase-functions has been stubbed. {\"functionsResolution\":{\"declared\":true,\"installed\":true,\"version\":\"3.11.0\",\"resolution\":\"C:\\\\Users\\\\user\\\\Desktop\\\\amazon\\\\amazon-clone\\\\amazon-clone\\\\functions\\\\node_modules\\\\firebase-functions\\\\lib\\\\index.js\"}}"}}
[debug] [2020-11-24T12:20:31.445Z] [runtime-status] [288624] Resolved module firebase-functions {"declared":true,"installed":true,"version":"3.11.0","resolution":"C:\\Users\\user\\Desktop\\amazon\\amazon-clone\\amazon-clone\\functions\\node_modules\\firebase-functions\\lib\\index.js"} {"metadata":{"emulator":{"name":"functions"},"message":"[runtime-status] [288624] Resolved module firebase-functions {\"declared\":true,\"installed\":true,\"version\":\"3.11.0\",\"resolution\":\"C:\\\\Users\\\\user\\\\Desktop\\\\amazon\\\\amazon-clone\\\\amazon-clone\\\\functions\\\\node_modules\\\\firebase-functions\\\\lib\\\\index.js\"}"}}
[debug] [2020-11-24T12:20:31.447Z] [runtime-status] [288624] Resolved module firebase-admin {"declared":true,"installed":true,"version":"9.2.0","resolution":"C:\\Users\\user\\Desktop\\amazon\\amazon-clone\\amazon-clone\\functions\\node_modules\\firebase-admin\\lib\\index.js"} {"metadata":{"emulator":{"name":"functions"},"message":"[runtime-status] [288624] Resolved module firebase-admin {\"declared\":true,\"installed\":true,\"version\":\"9.2.0\",\"resolution\":\"C:\\\\Users\\\\user\\\\Desktop\\\\amazon\\\\amazon-clone\\\\amazon-clone\\\\functions\\\\node_modules\\\\firebase-admin\\\\lib\\\\index.js\"}"}}
[debug] [2020-11-24T12:20:31.448Z] [runtime-status] [288624] Resolved module firebase-functions {"declared":true,"installed":true,"version":"3.11.0","resolution":"C:\\Users\\user\\Desktop\\amazon\\amazon-clone\\amazon-clone\\functions\\node_modules\\firebase-functions\\lib\\index.js"} {"metadata":{"emulator":{"name":"functions"},"message":"[runtime-status] [288624] Resolved module firebase-functions {\"declared\":true,\"installed\":true,\"version\":\"3.11.0\",\"resolution\":\"C:\\\\Users\\\\user\\\\Desktop\\\\amazon\\\\amazon-clone\\\\amazon-clone\\\\functions\\\\node_modules\\\\firebase-functions\\\\lib\\\\index.js\"}"}}
[debug] [2020-11-24T12:20:31.448Z] [runtime-status] [288624] firebase-admin has been stubbed. {"adminResolution":{"declared":true,"installed":true,"version":"9.2.0","resolution":"C:\\Users\\user\\Desktop\\amazon\\amazon-clone\\amazon-clone\\functions\\node_modules\\firebase-admin\\lib\\index.js"}} {"metadata":{"emulator":{"name":"functions"},"message":"[runtime-status] [288624] firebase-admin has been stubbed. {\"adminResolution\":{\"declared\":true,\"installed\":true,\"version\":\"9.2.0\",\"resolution\":\"C:\\\\Users\\\\user\\\\Desktop\\\\amazon\\\\amazon-clone\\\\amazon-clone\\\\functions\\\\node_modules\\\\firebase-admin\\\\lib\\\\index.js\"}}"}}
[info] +  functions[api]: http function initialized (http://localhost:5001/design-f8cd9/us-central1/api). {"metadata":{"emulator":{"name":"functions"},"message":"\u001b[1mhttp\u001b[22m function initialized (http://localhost:5001/design-f8cd9/us-central1/api)."}}
[info] 
┌────────────────────────────────────────────────────────────────┐
│ ✔  All emulators ready! View status and logs at localhost:4000 │
└────────────────────────────────────────────────────────────────┘

┌───────────┬────────────────┬──────────────────────────┐
│ Emulator  │ Host:Port      │ View in Emulator UI      │
├───────────┼────────────────┼──────────────────────────┤
│ Functions │ localhost:5001 │ localhost:4000/functions │
└───────────┴────────────────┴──────────────────────────┘
  Other reserved ports: 4400, 4500

Issues? Report them at https://github.com/firebase/firebase-tools/issues and attach the *-debug.log files.
 
[debug] [2020-11-24T12:20:34.277Z] [worker-~diagnostic~-20960de7-0434-41d4-9bdc-6bf442088cbc]: IDLE {"metadata":{"emulator":{"name":"functions"},"message":"[worker-~diagnostic~-20960de7-0434-41d4-9bdc-6bf442088cbc]: IDLE"}}
[debug] [2020-11-24T12:25:02.276Z] [work-queue] {"queueLength":1,"workRunningCount":0}
[debug] [2020-11-24T12:25:02.277Z] [work-queue] {"queueLength":0,"workRunningCount":1}
[debug] [2020-11-24T12:25:02.277Z] Accepted request GET /design-f8cd9/us-central1/api --> api
[debug] [2020-11-24T12:25:02.355Z] [worker-pool] addWorker(api) {"metadata":{"emulator":{"name":"functions"},"message":"[worker-pool] addWorker(api)"}}
[debug] [2020-11-24T12:25:02.356Z] [worker-pool] Adding worker with key api, total=1 {"metadata":{"emulator":{"name":"functions"},"message":"[worker-pool] Adding worker with key api, total=1"}}
[debug] [2020-11-24T12:25:02.356Z] [worker-pool] submitWork(triggerId=api) {"metadata":{"emulator":{"name":"functions"},"message":"[worker-pool] submitWork(triggerId=api)"}}
[debug] [2020-11-24T12:25:02.356Z] [worker-api-727aa7ce-88a6-4c31-9520-73047612e600]: Assigning socketPath: \\?\pipe\C:\Users\user\Desktop\amazon\amazon-clone\amazon-clone\functions\2484 {"metadata":{"emulator":{"name":"functions"},"message":"[worker-api-727aa7ce-88a6-4c31-9520-73047612e600]: Assigning socketPath: \\\\?\\pipe\\C:\\Users\\user\\Desktop\\amazon\\amazon-clone\\amazon-clone\\functions\\2484"}}
[debug] [2020-11-24T12:25:02.356Z] [worker-api-727aa7ce-88a6-4c31-9520-73047612e600]: BUSY {"metadata":{"emulator":{"name":"functions"},"message":"[worker-api-727aa7ce-88a6-4c31-9520-73047612e600]: BUSY"}}
[debug] [2020-11-24T12:25:11.824Z] [runtime-status] [2484] Functions runtime initialized. {"cwd":"C:\\Users\\user\\Desktop\\amazon\\amazon-clone\\amazon-clone\\functions","node_version":"12.19.0"} {"metadata":{"emulator":{"name":"functions"},"function":{"name":"api"},"message":"[runtime-status] [2484] Functions runtime initialized. {\"cwd\":\"C:\\\\Users\\\\user\\\\Desktop\\\\amazon\\\\amazon-clone\\\\amazon-clone\\\\functions\",\"node_version\":\"12.19.0\"}"}}
[debug] [2020-11-24T12:25:11.827Z] [runtime-status] [2484] Disabled runtime features: undefined {"metadata":{"emulator":{"name":"functions"},"function":{"name":"api"},"message":"[runtime-status] [2484] Disabled runtime features: undefined"}}
[debug] [2020-11-24T12:25:11.856Z] [runtime-status] [2484] Resolved module firebase-admin {"declared":true,"installed":true,"version":"9.2.0","resolution":"C:\\Users\\user\\Desktop\\amazon\\amazon-clone\\amazon-clone\\functions\\node_modules\\firebase-admin\\lib\\index.js"} {"metadata":{"emulator":{"name":"functions"},"function":{"name":"api"},"message":"[runtime-status] [2484] Resolved module firebase-admin {\"declared\":true,\"installed\":true,\"version\":\"9.2.0\",\"resolution\":\"C:\\\\Users\\\\user\\\\Desktop\\\\amazon\\\\amazon-clone\\\\amazon-clone\\\\functions\\\\node_modules\\\\firebase-admin\\\\lib\\\\index.js\"}"}}
[debug] [2020-11-24T12:25:11.888Z] [runtime-status] [2484] Resolved module firebase-functions {"declared":true,"installed":true,"version":"3.11.0","resolution":"C:\\Users\\user\\Desktop\\amazon\\amazon-clone\\amazon-clone\\functions\\node_modules\\firebase-functions\\lib\\index.js"} {"metadata":{"emulator":{"name":"functions"},"function":{"name":"api"},"message":"[runtime-status] [2484] Resolved module firebase-functions {\"declared\":true,\"installed\":true,\"version\":\"3.11.0\",\"resolution\":\"C:\\\\Users\\\\user\\\\Desktop\\\\amazon\\\\amazon-clone\\\\amazon-clone\\\\functions\\\\node_modules\\\\firebase-functions\\\\lib\\\\index.js\"}"}}
[debug] [2020-11-24T12:25:11.889Z] [runtime-status] [2484] Resolved module firebase-functions {"declared":true,"installed":true,"version":"3.11.0","resolution":"C:\\Users\\user\\Desktop\\amazon\\amazon-clone\\amazon-clone\\functions\\node_modules\\firebase-functions\\lib\\index.js"} {"metadata":{"emulator":{"name":"functions"},"function":{"name":"api"},"message":"[runtime-status] [2484] Resolved module firebase-functions {\"declared\":true,\"installed\":true,\"version\":\"3.11.0\",\"resolution\":\"C:\\\\Users\\\\user\\\\Desktop\\\\amazon\\\\amazon-clone\\\\amazon-clone\\\\functions\\\\node_modules\\\\firebase-functions\\\\lib\\\\index.js\"}"}}
[debug] [2020-11-24T12:25:11.893Z] [runtime-status] [2484] Outgoing network have been stubbed. [{"name":"http","status":"mocked"},{"name":"http","status":"mocked"},{"name":"https","status":"mocked"},{"name":"https","status":"mocked"},{"name":"net","status":"mocked"}] {"metadata":{"emulator":{"name":"functions"},"function":{"name":"api"},"message":"[runtime-status] [2484] Outgoing network have been stubbed. [{\"name\":\"http\",\"status\":\"mocked\"},{\"name\":\"http\",\"status\":\"mocked\"},{\"name\":\"https\",\"status\":\"mocked\"},{\"name\":\"https\",\"status\":\"mocked\"},{\"name\":\"net\",\"status\":\"mocked\"}]"}}
[debug] [2020-11-24T12:25:11.894Z] [runtime-status] [2484] Resolved module firebase-functions {"declared":true,"installed":true,"version":"3.11.0","resolution":"C:\\Users\\user\\Desktop\\amazon\\amazon-clone\\amazon-clone\\functions\\node_modules\\firebase-functions\\lib\\index.js"} {"metadata":{"emulator":{"name":"functions"},"function":{"name":"api"},"message":"[runtime-status] [2484] Resolved module firebase-functions {\"declared\":true,\"installed\":true,\"version\":\"3.11.0\",\"resolution\":\"C:\\\\Users\\\\user\\\\Desktop\\\\amazon\\\\amazon-clone\\\\amazon-clone\\\\functions\\\\node_modules\\\\firebase-functions\\\\lib\\\\index.js\"}"}}
[debug] [2020-11-24T12:25:12.529Z] [runtime-status] [2484] Checked functions.config() {"config":{}} {"metadata":{"emulator":{"name":"functions"},"function":{"name":"api"},"message":"[runtime-status] [2484] Checked functions.config() {\"config\":{}}"}}
[debug] [2020-11-24T12:25:12.529Z] [runtime-status] [2484] firebase-functions has been stubbed. {"functionsResolution":{"declared":true,"installed":true,"version":"3.11.0","resolution":"C:\\Users\\user\\Desktop\\amazon\\amazon-clone\\amazon-clone\\functions\\node_modules\\firebase-functions\\lib\\index.js"}} {"metadata":{"emulator":{"name":"functions"},"function":{"name":"api"},"message":"[runtime-status] [2484] firebase-functions has been stubbed. {\"functionsResolution\":{\"declared\":true,\"installed\":true,\"version\":\"3.11.0\",\"resolution\":\"C:\\\\Users\\\\user\\\\Desktop\\\\amazon\\\\amazon-clone\\\\amazon-clone\\\\functions\\\\node_modules\\\\firebase-functions\\\\lib\\\\index.js\"}}"}}
[debug] [2020-11-24T12:25:12.530Z] [runtime-status] [2484] Resolved module firebase-functions {"declared":true,"installed":true,"version":"3.11.0","resolution":"C:\\Users\\user\\Desktop\\amazon\\amazon-clone\\amazon-clone\\functions\\node_modules\\firebase-functions\\lib\\index.js"} {"metadata":{"emulator":{"name":"functions"},"function":{"name":"api"},"message":"[runtime-status] [2484] Resolved module firebase-functions {\"declared\":true,\"installed\":true,\"version\":\"3.11.0\",\"resolution\":\"C:\\\\Users\\\\user\\\\Desktop\\\\amazon\\\\amazon-clone\\\\amazon-clone\\\\functions\\\\node_modules\\\\firebase-functions\\\\lib\\\\index.js\"}"}}
[debug] [2020-11-24T12:25:12.532Z] [runtime-status] [2484] Resolved module firebase-admin {"declared":true,"installed":true,"version":"9.2.0","resolution":"C:\\Users\\user\\Desktop\\amazon\\amazon-clone\\amazon-clone\\functions\\node_modules\\firebase-admin\\lib\\index.js"} {"metadata":{"emulator":{"name":"functions"},"function":{"name":"api"},"message":"[runtime-status] [2484] Resolved module firebase-admin {\"declared\":true,\"installed\":true,\"version\":\"9.2.0\",\"resolution\":\"C:\\\\Users\\\\user\\\\Desktop\\\\amazon\\\\amazon-clone\\\\amazon-clone\\\\functions\\\\node_modules\\\\firebase-admin\\\\lib\\\\index.js\"}"}}
[debug] [2020-11-24T12:25:12.532Z] [runtime-status] [2484] Resolved module firebase-functions {"declared":true,"installed":true,"version":"3.11.0","resolution":"C:\\Users\\user\\Desktop\\amazon\\amazon-clone\\amazon-clone\\functions\\node_modules\\firebase-functions\\lib\\index.js"} {"metadata":{"emulator":{"name":"functions"},"function":{"name":"api"},"message":"[runtime-status] [2484] Resolved module firebase-functions {\"declared\":true,\"installed\":true,\"version\":\"3.11.0\",\"resolution\":\"C:\\\\Users\\\\user\\\\Desktop\\\\amazon\\\\amazon-clone\\\\amazon-clone\\\\functions\\\\node_modules\\\\firebase-functions\\\\lib\\\\index.js\"}"}}
[debug] [2020-11-24T12:25:12.533Z] [runtime-status] [2484] firebase-admin has been stubbed. {"adminResolution":{"declared":true,"installed":true,"version":"9.2.0","resolution":"C:\\Users\\user\\Desktop\\amazon\\amazon-clone\\amazon-clone\\functions\\node_modules\\firebase-admin\\lib\\index.js"}} {"metadata":{"emulator":{"name":"functions"},"function":{"name":"api"},"message":"[runtime-status] [2484] firebase-admin has been stubbed. {\"adminResolution\":{\"declared\":true,\"installed\":true,\"version\":\"9.2.0\",\"resolution\":\"C:\\\\Users\\\\user\\\\Desktop\\\\amazon\\\\amazon-clone\\\\amazon-clone\\\\functions\\\\node_modules\\\\firebase-admin\\\\lib\\\\index.js\"}}"}}
[debug] [2020-11-24T12:25:14.455Z] [runtime-status] [2484] Trigger "api" has been found, beginning invocation! {"metadata":{"emulator":{"name":"functions"},"function":{"name":"api"},"message":"[runtime-status] [2484] Trigger \"api\" has been found, beginning invocation!"}}
[info] i  functions: Beginning execution of "api" {"metadata":{"emulator":{"name":"functions"},"function":{"name":"api"},"message":"Beginning execution of \"api\""}}
[debug] [2020-11-24T12:25:14.457Z] [runtime-status] [2484] triggerDefinition {"httpsTrigger":{},"name":"api","entryPoint":"api"} {"metadata":{"emulator":{"name":"functions"},"function":{"name":"api"},"message":"[runtime-status] [2484] triggerDefinition {\"httpsTrigger\":{},\"name\":\"api\",\"entryPoint\":\"api\"}"}}
[debug] [2020-11-24T12:25:14.457Z] [runtime-status] [2484] Running api in mode HTTPS {"metadata":{"emulator":{"name":"functions"},"function":{"name":"api"},"message":"[runtime-status] [2484] Running api in mode HTTPS"}}
[debug] [2020-11-24T12:25:14.462Z] [runtime-status] [2484] Attempting to listen to socketPath: \\?\pipe\C:\Users\user\Desktop\amazon\amazon-clone\amazon-clone\functions\2484 {"metadata":{"emulator":{"name":"functions"},"function":{"name":"api"},"message":"[runtime-status] [2484] Attempting to listen to socketPath: \\\\?\\pipe\\C:\\Users\\user\\Desktop\\amazon\\amazon-clone\\amazon-clone\\functions\\2484"}}
[debug] [2020-11-24T12:25:14.493Z] [functions] Runtime ready! Sending request! {"metadata":{"emulator":{"name":"functions"},"message":"[functions] Runtime ready! Sending request!"}}
[debug] [2020-11-24T12:25:14.535Z] [runtime-status] [2484] Ephemeral server handling GET request {"metadata":{"emulator":{"name":"functions"},"function":{"name":"api"},"message":"[runtime-status] [2484] Ephemeral server handling GET request"}}
[debug] [2020-11-24T12:25:14.551Z] [runtime-status] [2484] Ephemeral server survived. {"metadata":{"emulator":{"name":"functions"},"function":{"name":"api"},"message":"[runtime-status] [2484] Ephemeral server survived."}}
[info] i  functions: Finished "api" in ~1s {"metadata":{"emulator":{"name":"functions"},"function":{"name":"api"},"message":"Finished \"api\" in ~1s"}}
[debug] [2020-11-24T12:25:14.558Z] [worker-api-727aa7ce-88a6-4c31-9520-73047612e600]: IDLE {"metadata":{"emulator":{"name":"functions"},"message":"[worker-api-727aa7ce-88a6-4c31-9520-73047612e600]: IDLE"}}
[debug] [2020-11-24T12:25:14.559Z] [work-queue] {"queueLength":0,"workRunningCount":0}
[debug] [2020-11-24T12:25:14.791Z] Functions emulator received unknown request at path /favicon.ico
[debug] [2020-11-24T12:27:12.369Z] [work-queue] {"queueLength":1,"workRunningCount":0}
[debug] [2020-11-24T12:27:12.369Z] [work-queue] {"queueLength":0,"workRunningCount":1}
[debug] [2020-11-24T12:27:12.369Z] Accepted request POST /design-f8cd9/us-central1/api/payments/create?total=0 --> api
[debug] [2020-11-24T12:27:12.370Z] [worker-pool] submitWork(triggerId=api) {"metadata":{"emulator":{"name":"functions"},"message":"[worker-pool] submitWork(triggerId=api)"}}
[debug] [2020-11-24T12:27:12.370Z] [worker-api-727aa7ce-88a6-4c31-9520-73047612e600]: Assigning socketPath: \\?\pipe\C:\Users\user\Desktop\amazon\amazon-clone\amazon-clone\functions\2484 {"metadata":{"emulator":{"name":"functions"},"message":"[worker-api-727aa7ce-88a6-4c31-9520-73047612e600]: Assigning socketPath: \\\\?\\pipe\\C:\\Users\\user\\Desktop\\amazon\\amazon-clone\\amazon-clone\\functions\\2484"}}
[debug] [2020-11-24T12:27:12.370Z] [worker-api-727aa7ce-88a6-4c31-9520-73047612e600]: BUSY {"metadata":{"emulator":{"name":"functions"},"message":"[worker-api-727aa7ce-88a6-4c31-9520-73047612e600]: BUSY"}}
[debug] [2020-11-24T12:27:12.372Z] [runtime-status] [2484] Trigger "api" has been found, beginning invocation! {"metadata":{"emulator":{"name":"functions"},"function":{"name":"api"},"message":"[runtime-status] [2484] Trigger \"api\" has been found, beginning invocation!"}}
[info] i  functions: Beginning execution of "api" {"metadata":{"emulator":{"name":"functions"},"function":{"name":"api"},"message":"Beginning execution of \"api\""}}
[debug] [2020-11-24T12:27:12.374Z] [runtime-status] [2484] triggerDefinition {"httpsTrigger":{},"name":"api","entryPoint":"api"} {"metadata":{"emulator":{"name":"functions"},"function":{"name":"api"},"message":"[runtime-status] [2484] triggerDefinition {\"httpsTrigger\":{},\"name\":\"api\",\"entryPoint\":\"api\"}"}}
[debug] [2020-11-24T12:27:12.375Z] [runtime-status] [2484] Running api in mode HTTPS {"metadata":{"emulator":{"name":"functions"},"function":{"name":"api"},"message":"[runtime-status] [2484] Running api in mode HTTPS"}}
[debug] [2020-11-24T12:27:12.375Z] [runtime-status] [2484] Attempting to listen to socketPath: \\?\pipe\C:\Users\user\Desktop\amazon\amazon-clone\amazon-clone\functions\2484 {"metadata":{"emulator":{"name":"functions"},"function":{"name":"api"},"message":"[runtime-status] [2484] Attempting to listen to socketPath: \\\\?\\pipe\\C:\\Users\\user\\Desktop\\amazon\\amazon-clone\\amazon-clone\\functions\\2484"}}
[debug] [2020-11-24T12:27:12.378Z] [functions] Runtime ready! Sending request! {"metadata":{"emulator":{"name":"functions"},"message":"[functions] Runtime ready! Sending request!"}}
[debug] [2020-11-24T12:27:12.387Z] [runtime-status] [2484] Ephemeral server handling POST request {"metadata":{"emulator":{"name":"functions"},"function":{"name":"api"},"message":"[runtime-status] [2484] Ephemeral server handling POST request"}}
[info] >  Payment Request Received BOOM!!! for this amount >>> 0 {"user":"Payment Request Received BOOM!!! for this amount >>> 0","metadata":{"emulator":{"name":"functions"},"function":{"name":"api"},"message":"\u001b[90m> \u001b[39m Payment Request Received BOOM!!! for this amount >>> 0"}}
[debug] [2020-11-24T12:27:12.470Z] [runtime-status] [2484] Ephemeral server survived. {"metadata":{"emulator":{"name":"functions"},"function":{"name":"api"},"message":"[runtime-status] [2484] Ephemeral server survived."}}
[info] >  (node:2484) UnhandledPromiseRejectionWarning: Error: This value must be greater than or equal to 1. {"user":"(node:2484) UnhandledPromiseRejectionWarning: Error: This value must be greater than or equal to 1.","metadata":{"emulator":{"name":"functions"},"function":{"name":"api"},"message":"\u001b[90m> \u001b[39m (node:2484) UnhandledPromiseRejectionWarning: Error: This value must be greater than or equal to 1."}}
[info] >      at Function.generate (C:\Users\user\Desktop\amazon\amazon-clone\amazon-clone\functions\node_modules\stripe\lib\Error.js:39:16) {"user":"    at Function.generate (C:\\Users\\user\\Desktop\\amazon\\amazon-clone\\amazon-clone\\functions\\node_modules\\stripe\\lib\\Error.js:39:16)","metadata":{"emulator":{"name":"functions"},"function":{"name":"api"},"message":"\u001b[90m> \u001b[39m     at Function.generate (C:\\Users\\user\\Desktop\\amazon\\amazon-clone\\amazon-clone\\functions\\node_modules\\stripe\\lib\\Error.js:39:16)"}}
[info] >      at IncomingMessage.<anonymous> (C:\Users\user\Desktop\amazon\amazon-clone\amazon-clone\functions\node_modules\stripe\lib\StripeResource.js:190:33) {"user":"    at IncomingMessage.<anonymous> (C:\\Users\\user\\Desktop\\amazon\\amazon-clone\\amazon-clone\\functions\\node_modules\\stripe\\lib\\StripeResource.js:190:33)","metadata":{"emulator":{"name":"functions"},"function":{"name":"api"},"message":"\u001b[90m> \u001b[39m     at IncomingMessage.<anonymous> (C:\\Users\\user\\Desktop\\amazon\\amazon-clone\\amazon-clone\\functions\\node_modules\\stripe\\lib\\StripeResource.js:190:33)"}}
[info] >      at Object.onceWrapper (events.js:420:28) {"user":"    at Object.onceWrapper (events.js:420:28)","metadata":{"emulator":{"name":"functions"},"function":{"name":"api"},"message":"\u001b[90m> \u001b[39m     at Object.onceWrapper (events.js:420:28)"}}
[info] >      at IncomingMessage.emit (events.js:326:22) {"user":"    at IncomingMessage.emit (events.js:326:22)","metadata":{"emulator":{"name":"functions"},"function":{"name":"api"},"message":"\u001b[90m> \u001b[39m     at IncomingMessage.emit (events.js:326:22)"}}
[info] >      at endReadableNT (_stream_readable.js:1223:12) {"user":"    at endReadableNT (_stream_readable.js:1223:12)","metadata":{"emulator":{"name":"functions"},"function":{"name":"api"},"message":"\u001b[90m> \u001b[39m     at endReadableNT (_stream_readable.js:1223:12)"}}
[info] >      at processTicksAndRejections (internal/process/task_queues.js:84:21) {"user":"    at processTicksAndRejections (internal/process/task_queues.js:84:21)","metadata":{"emulator":{"name":"functions"},"function":{"name":"api"},"message":"\u001b[90m> \u001b[39m     at processTicksAndRejections (internal/process/task_queues.js:84:21)"}}
[info] >  (node:2484) UnhandledPromiseRejectionWarning: Unhandled promise rejection. This error originated either by throwing inside of an async function without a catch block, or by rejecting a promise which was not handled with .catch(). To terminate the node process on unhandled promise rejection, use the CLI flag `--unhandled-rejections=strict` (see https://nodejs.org/api/cli.html#cli_unhandled_rejections_mode). (rejection id: 1) {"user":"(node:2484) UnhandledPromiseRejectionWarning: Unhandled promise rejection. This error originated either by throwing inside of an async function without a catch block, or by rejecting a promise which was not handled with .catch(). To terminate the node process on unhandled promise rejection, use the CLI flag `--unhandled-rejections=strict` (see https://nodejs.org/api/cli.html#cli_unhandled_rejections_mode). (rejection id: 1)","metadata":{"emulator":{"name":"functions"},"function":{"name":"api"},"message":"\u001b[90m> \u001b[39m (node:2484) UnhandledPromiseRejectionWarning: Unhandled promise rejection. This error originated either by throwing inside of an async function without a catch block, or by rejecting a promise which was not handled with .catch(). To terminate the node process on unhandled promise rejection, use the CLI flag `--unhandled-rejections=strict` (see https://nodejs.org/api/cli.html#cli_unhandled_rejections_mode). (rejection id: 1)"}}
[info] >  (node:2484) [DEP0018] DeprecationWarning: Unhandled promise rejections are deprecated. In the future, promise rejections that are not handled will terminate the Node.js process with a non-zero exit code. {"user":"(node:2484) [DEP0018] DeprecationWarning: Unhandled promise rejections are deprecated. In the future, promise rejections that are not handled will terminate the Node.js process with a non-zero exit code.","metadata":{"emulator":{"name":"functions"},"function":{"name":"api"},"message":"\u001b[90m> \u001b[39m (node:2484) [DEP0018] DeprecationWarning: Unhandled promise rejections are deprecated. In the future, promise rejections that are not handled will terminate the Node.js process with a non-zero exit code."}}
[debug] [2020-11-24T12:27:43.037Z] [work-queue] {"queueLength":1,"workRunningCount":1}
[debug] [2020-11-24T12:27:43.037Z] [work-queue] {"queueLength":0,"workRunningCount":2}
[debug] [2020-11-24T12:27:43.037Z] Accepted request POST /design-f8cd9/us-central1/api/payments/create?total=17799 --> api
[debug] [2020-11-24T12:27:43.054Z] [worker-pool] addWorker(api) {"metadata":{"emulator":{"name":"functions"},"message":"[worker-pool] addWorker(api)"}}
[debug] [2020-11-24T12:27:43.054Z] [worker-pool] Adding worker with key api, total=2 {"metadata":{"emulator":{"name":"functions"},"message":"[worker-pool] Adding worker with key api, total=2"}}
[debug] [2020-11-24T12:27:43.055Z] [worker-pool] submitWork(triggerId=api) {"metadata":{"emulator":{"name":"functions"},"message":"[worker-pool] submitWork(triggerId=api)"}}
[debug] [2020-11-24T12:27:43.055Z] [worker-api-891aa61b-a2d6-4831-bdcc-48227b546ec2]: Assigning socketPath: \\?\pipe\C:\Users\user\Desktop\amazon\amazon-clone\amazon-clone\functions\288960 {"metadata":{"emulator":{"name":"functions"},"message":"[worker-api-891aa61b-a2d6-4831-bdcc-48227b546ec2]: Assigning socketPath: \\\\?\\pipe\\C:\\Users\\user\\Desktop\\amazon\\amazon-clone\\amazon-clone\\functions\\288960"}}
[debug] [2020-11-24T12:27:43.055Z] [worker-api-891aa61b-a2d6-4831-bdcc-48227b546ec2]: BUSY {"metadata":{"emulator":{"name":"functions"},"message":"[worker-api-891aa61b-a2d6-4831-bdcc-48227b546ec2]: BUSY"}}
[debug] [2020-11-24T12:27:44.036Z] [runtime-status] [288960] Functions runtime initialized. {"cwd":"C:\\Users\\user\\Desktop\\amazon\\amazon-clone\\amazon-clone\\functions","node_version":"12.19.0"} {"metadata":{"emulator":{"name":"functions"},"function":{"name":"api"},"message":"[runtime-status] [288960] Functions runtime initialized. {\"cwd\":\"C:\\\\Users\\\\user\\\\Desktop\\\\amazon\\\\amazon-clone\\\\amazon-clone\\\\functions\",\"node_version\":\"12.19.0\"}"}}
[debug] [2020-11-24T12:27:44.044Z] [runtime-status] [288960] Disabled runtime features: undefined {"metadata":{"emulator":{"name":"functions"},"function":{"name":"api"},"message":"[runtime-status] [288960] Disabled runtime features: undefined"}}
[debug] [2020-11-24T12:27:44.053Z] [runtime-status] [288960] Resolved module firebase-admin {"declared":true,"installed":true,"version":"9.2.0","resolution":"C:\\Users\\user\\Desktop\\amazon\\amazon-clone\\amazon-clone\\functions\\node_modules\\firebase-admin\\lib\\index.js"} {"metadata":{"emulator":{"name":"functions"},"function":{"name":"api"},"message":"[runtime-status] [288960] Resolved module firebase-admin {\"declared\":true,\"installed\":true,\"version\":\"9.2.0\",\"resolution\":\"C:\\\\Users\\\\user\\\\Desktop\\\\amazon\\\\amazon-clone\\\\amazon-clone\\\\functions\\\\node_modules\\\\firebase-admin\\\\lib\\\\index.js\"}"}}
[debug] [2020-11-24T12:27:44.055Z] [runtime-status] [288960] Resolved module firebase-functions {"declared":true,"installed":true,"version":"3.11.0","resolution":"C:\\Users\\user\\Desktop\\amazon\\amazon-clone\\amazon-clone\\functions\\node_modules\\firebase-functions\\lib\\index.js"} {"metadata":{"emulator":{"name":"functions"},"function":{"name":"api"},"message":"[runtime-status] [288960] Resolved module firebase-functions {\"declared\":true,\"installed\":true,\"version\":\"3.11.0\",\"resolution\":\"C:\\\\Users\\\\user\\\\Desktop\\\\amazon\\\\amazon-clone\\\\amazon-clone\\\\functions\\\\node_modules\\\\firebase-functions\\\\lib\\\\index.js\"}"}}
[debug] [2020-11-24T12:27:44.056Z] [runtime-status] [288960] Resolved module firebase-functions {"declared":true,"installed":true,"version":"3.11.0","resolution":"C:\\Users\\user\\Desktop\\amazon\\amazon-clone\\amazon-clone\\functions\\node_modules\\firebase-functions\\lib\\index.js"} {"metadata":{"emulator":{"name":"functions"},"function":{"name":"api"},"message":"[runtime-status] [288960] Resolved module firebase-functions {\"declared\":true,\"installed\":true,\"version\":\"3.11.0\",\"resolution\":\"C:\\\\Users\\\\user\\\\Desktop\\\\amazon\\\\amazon-clone\\\\amazon-clone\\\\functions\\\\node_modules\\\\firebase-functions\\\\lib\\\\index.js\"}"}}
[debug] [2020-11-24T12:27:44.059Z] [runtime-status] [288960] Outgoing network have been stubbed. [{"name":"http","status":"mocked"},{"name":"http","status":"mocked"},{"name":"https","status":"mocked"},{"name":"https","status":"mocked"},{"name":"net","status":"mocked"}] {"metadata":{"emulator":{"name":"functions"},"function":{"name":"api"},"message":"[runtime-status] [288960] Outgoing network have been stubbed. [{\"name\":\"http\",\"status\":\"mocked\"},{\"name\":\"http\",\"status\":\"mocked\"},{\"name\":\"https\",\"status\":\"mocked\"},{\"name\":\"https\",\"status\":\"mocked\"},{\"name\":\"net\",\"status\":\"mocked\"}]"}}
[debug] [2020-11-24T12:27:44.060Z] [runtime-status] [288960] Resolved module firebase-functions {"declared":true,"installed":true,"version":"3.11.0","resolution":"C:\\Users\\user\\Desktop\\amazon\\amazon-clone\\amazon-clone\\functions\\node_modules\\firebase-functions\\lib\\index.js"} {"metadata":{"emulator":{"name":"functions"},"function":{"name":"api"},"message":"[runtime-status] [288960] Resolved module firebase-functions {\"declared\":true,\"installed\":true,\"version\":\"3.11.0\",\"resolution\":\"C:\\\\Users\\\\user\\\\Desktop\\\\amazon\\\\amazon-clone\\\\amazon-clone\\\\functions\\\\node_modules\\\\firebase-functions\\\\lib\\\\index.js\"}"}}
[debug] [2020-11-24T12:27:44.124Z] [runtime-status] [288960] Checked functions.config() {"config":{}} {"metadata":{"emulator":{"name":"functions"},"function":{"name":"api"},"message":"[runtime-status] [288960] Checked functions.config() {\"config\":{}}"}}
[debug] [2020-11-24T12:27:44.124Z] [runtime-status] [288960] firebase-functions has been stubbed. {"functionsResolution":{"declared":true,"installed":true,"version":"3.11.0","resolution":"C:\\Users\\user\\Desktop\\amazon\\amazon-clone\\amazon-clone\\functions\\node_modules\\firebase-functions\\lib\\index.js"}} {"metadata":{"emulator":{"name":"functions"},"function":{"name":"api"},"message":"[runtime-status] [288960] firebase-functions has been stubbed. {\"functionsResolution\":{\"declared\":true,\"installed\":true,\"version\":\"3.11.0\",\"resolution\":\"C:\\\\Users\\\\user\\\\Desktop\\\\amazon\\\\amazon-clone\\\\amazon-clone\\\\functions\\\\node_modules\\\\firebase-functions\\\\lib\\\\index.js\"}}"}}
[debug] [2020-11-24T12:27:44.125Z] [runtime-status] [288960] Resolved module firebase-functions {"declared":true,"installed":true,"version":"3.11.0","resolution":"C:\\Users\\user\\Desktop\\amazon\\amazon-clone\\amazon-clone\\functions\\node_modules\\firebase-functions\\lib\\index.js"} {"metadata":{"emulator":{"name":"functions"},"function":{"name":"api"},"message":"[runtime-status] [288960] Resolved module firebase-functions {\"declared\":true,\"installed\":true,\"version\":\"3.11.0\",\"resolution\":\"C:\\\\Users\\\\user\\\\Desktop\\\\amazon\\\\amazon-clone\\\\amazon-clone\\\\functions\\\\node_modules\\\\firebase-functions\\\\lib\\\\index.js\"}"}}
[debug] [2020-11-24T12:27:44.127Z] [runtime-status] [288960] Resolved module firebase-admin {"declared":true,"installed":true,"version":"9.2.0","resolution":"C:\\Users\\user\\Desktop\\amazon\\amazon-clone\\amazon-clone\\functions\\node_modules\\firebase-admin\\lib\\index.js"} {"metadata":{"emulator":{"name":"functions"},"function":{"name":"api"},"message":"[runtime-status] [288960] Resolved module firebase-admin {\"declared\":true,\"installed\":true,\"version\":\"9.2.0\",\"resolution\":\"C:\\\\Users\\\\user\\\\Desktop\\\\amazon\\\\amazon-clone\\\\amazon-clone\\\\functions\\\\node_modules\\\\firebase-admin\\\\lib\\\\index.js\"}"}}
[debug] [2020-11-24T12:27:44.129Z] [runtime-status] [288960] Resolved module firebase-functions {"declared":true,"installed":true,"version":"3.11.0","resolution":"C:\\Users\\user\\Desktop\\amazon\\amazon-clone\\amazon-clone\\functions\\node_modules\\firebase-functions\\lib\\index.js"} {"metadata":{"emulator":{"name":"functions"},"function":{"name":"api"},"message":"[runtime-status] [288960] Resolved module firebase-functions {\"declared\":true,\"installed\":true,\"version\":\"3.11.0\",\"resolution\":\"C:\\\\Users\\\\user\\\\Desktop\\\\amazon\\\\amazon-clone\\\\amazon-clone\\\\functions\\\\node_modules\\\\firebase-functions\\\\lib\\\\index.js\"}"}}
[debug] [2020-11-24T12:27:44.129Z] [runtime-status] [288960] firebase-admin has been stubbed. {"adminResolution":{"declared":true,"installed":true,"version":"9.2.0","resolution":"C:\\Users\\user\\Desktop\\amazon\\amazon-clone\\amazon-clone\\functions\\node_modules\\firebase-admin\\lib\\index.js"}} {"metadata":{"emulator":{"name":"functions"},"function":{"name":"api"},"message":"[runtime-status] [288960] firebase-admin has been stubbed. {\"adminResolution\":{\"declared\":true,\"installed\":true,\"version\":\"9.2.0\",\"resolution\":\"C:\\\\Users\\\\user\\\\Desktop\\\\amazon\\\\amazon-clone\\\\amazon-clone\\\\functions\\\\node_modules\\\\firebase-admin\\\\lib\\\\index.js\"}}"}}
[debug] [2020-11-24T12:27:44.367Z] [runtime-status] [288960] Trigger "api" has been found, beginning invocation! {"metadata":{"emulator":{"name":"functions"},"function":{"name":"api"},"message":"[runtime-status] [288960] Trigger \"api\" has been found, beginning invocation!"}}
[info] i  functions: Beginning execution of "api" {"metadata":{"emulator":{"name":"functions"},"function":{"name":"api"},"message":"Beginning execution of \"api\""}}
[debug] [2020-11-24T12:27:44.369Z] [runtime-status] [288960] triggerDefinition {"httpsTrigger":{},"name":"api","entryPoint":"api"} {"metadata":{"emulator":{"name":"functions"},"function":{"name":"api"},"message":"[runtime-status] [288960] triggerDefinition {\"httpsTrigger\":{},\"name\":\"api\",\"entryPoint\":\"api\"}"}}
[debug] [2020-11-24T12:27:44.369Z] [runtime-status] [288960] Running api in mode HTTPS {"metadata":{"emulator":{"name":"functions"},"function":{"name":"api"},"message":"[runtime-status] [288960] Running api in mode HTTPS"}}
[debug] [2020-11-24T12:27:44.375Z] [runtime-status] [288960] Attempting to listen to socketPath: \\?\pipe\C:\Users\user\Desktop\amazon\amazon-clone\amazon-clone\functions\288960 {"metadata":{"emulator":{"name":"functions"},"function":{"name":"api"},"message":"[runtime-status] [288960] Attempting to listen to socketPath: \\\\?\\pipe\\C:\\Users\\user\\Desktop\\amazon\\amazon-clone\\amazon-clone\\functions\\288960"}}
[debug] [2020-11-24T12:27:44.380Z] [functions] Runtime ready! Sending request! {"metadata":{"emulator":{"name":"functions"},"message":"[functions] Runtime ready! Sending request!"}}
[debug] [2020-11-24T12:27:44.393Z] [runtime-status] [288960] Ephemeral server handling POST request {"metadata":{"emulator":{"name":"functions"},"function":{"name":"api"},"message":"[runtime-status] [288960] Ephemeral server handling POST request"}}
[info] >  Payment Request Received BOOM!!! for this amount >>> 17799 {"user":"Payment Request Received BOOM!!! for this amount >>> 17799","metadata":{"emulator":{"name":"functions"},"function":{"name":"api"},"message":"\u001b[90m> \u001b[39m Payment Request Received BOOM!!! for this amount >>> 17799"}}
[debug] [2020-11-24T12:27:44.419Z] [runtime-status] [288960] Ephemeral server survived. {"metadata":{"emulator":{"name":"functions"},"function":{"name":"api"},"message":"[runtime-status] [288960] Ephemeral server survived."}}
[info] i  functions: Finished "api" in ~2s {"metadata":{"emulator":{"name":"functions"},"function":{"name":"api"},"message":"Finished \"api\" in ~2s"}}
[debug] [2020-11-24T12:27:46.628Z] [worker-api-891aa61b-a2d6-4831-bdcc-48227b546ec2]: IDLE {"metadata":{"emulator":{"name":"functions"},"message":"[worker-api-891aa61b-a2d6-4831-bdcc-48227b546ec2]: IDLE"}}
[debug] [2020-11-24T12:27:46.628Z] [work-queue] {"queueLength":0,"workRunningCount":1}
[debug] [2020-11-24T12:28:03.220Z] [work-queue] {"queueLength":1,"workRunningCount":1}
[debug] [2020-11-24T12:28:03.221Z] [work-queue] {"queueLength":0,"workRunningCount":2}
[debug] [2020-11-24T12:28:03.221Z] Accepted request POST /design-f8cd9/us-central1/api/payments/create?total=0 --> api
[debug] [2020-11-24T12:28:03.221Z] [worker-pool] submitWork(triggerId=api) {"metadata":{"emulator":{"name":"functions"},"message":"[worker-pool] submitWork(triggerId=api)"}}
[debug] [2020-11-24T12:28:03.221Z] [worker-api-891aa61b-a2d6-4831-bdcc-48227b546ec2]: Assigning socketPath: \\?\pipe\C:\Users\user\Desktop\amazon\amazon-clone\amazon-clone\functions\288960 {"metadata":{"emulator":{"name":"functions"},"message":"[worker-api-891aa61b-a2d6-4831-bdcc-48227b546ec2]: Assigning socketPath: \\\\?\\pipe\\C:\\Users\\user\\Desktop\\amazon\\amazon-clone\\amazon-clone\\functions\\288960"}}
[debug] [2020-11-24T12:28:03.221Z] [worker-api-891aa61b-a2d6-4831-bdcc-48227b546ec2]: BUSY {"metadata":{"emulator":{"name":"functions"},"message":"[worker-api-891aa61b-a2d6-4831-bdcc-48227b546ec2]: BUSY"}}
[debug] [2020-11-24T12:28:03.223Z] [runtime-status] [288960] Trigger "api" has been found, beginning invocation! {"metadata":{"emulator":{"name":"functions"},"function":{"name":"api"},"message":"[runtime-status] [288960] Trigger \"api\" has been found, beginning invocation!"}}
[info] i  functions: Beginning execution of "api" {"metadata":{"emulator":{"name":"functions"},"function":{"name":"api"},"message":"Beginning execution of \"api\""}}
[debug] [2020-11-24T12:28:03.225Z] [runtime-status] [288960] triggerDefinition {"httpsTrigger":{},"name":"api","entryPoint":"api"} {"metadata":{"emulator":{"name":"functions"},"function":{"name":"api"},"message":"[runtime-status] [288960] triggerDefinition {\"httpsTrigger\":{},\"name\":\"api\",\"entryPoint\":\"api\"}"}}
[debug] [2020-11-24T12:28:03.225Z] [runtime-status] [288960] Running api in mode HTTPS {"metadata":{"emulator":{"name":"functions"},"function":{"name":"api"},"message":"[runtime-status] [288960] Running api in mode HTTPS"}}
[debug] [2020-11-24T12:28:03.226Z] [runtime-status] [288960] Attempting to listen to socketPath: \\?\pipe\C:\Users\user\Desktop\amazon\amazon-clone\amazon-clone\functions\288960 {"metadata":{"emulator":{"name":"functions"},"function":{"name":"api"},"message":"[runtime-status] [288960] Attempting to listen to socketPath: \\\\?\\pipe\\C:\\Users\\user\\Desktop\\amazon\\amazon-clone\\amazon-clone\\functions\\288960"}}
[debug] [2020-11-24T12:28:03.228Z] [functions] Runtime ready! Sending request! {"metadata":{"emulator":{"name":"functions"},"message":"[functions] Runtime ready! Sending request!"}}
[debug] [2020-11-24T12:28:03.233Z] [runtime-status] [288960] Ephemeral server handling POST request {"metadata":{"emulator":{"name":"functions"},"function":{"name":"api"},"message":"[runtime-status] [288960] Ephemeral server handling POST request"}}
[info] >  Payment Request Received BOOM!!! for this amount >>> 0 {"user":"Payment Request Received BOOM!!! for this amount >>> 0","metadata":{"emulator":{"name":"functions"},"function":{"name":"api"},"message":"\u001b[90m> \u001b[39m Payment Request Received BOOM!!! for this amount >>> 0"}}
[debug] [2020-11-24T12:28:03.248Z] [runtime-status] [288960] Ephemeral server survived. {"metadata":{"emulator":{"name":"functions"},"function":{"name":"api"},"message":"[runtime-status] [288960] Ephemeral server survived."}}
[info] >  (node:288960) UnhandledPromiseRejectionWarning: Error: This value must be greater than or equal to 1. {"user":"(node:288960) UnhandledPromiseRejectionWarning: Error: This value must be greater than or equal to 1.","metadata":{"emulator":{"name":"functions"},"function":{"name":"api"},"message":"\u001b[90m> \u001b[39m (node:288960) UnhandledPromiseRejectionWarning: Error: This value must be greater than or equal to 1."}}
[info] >      at Function.generate (C:\Users\user\Desktop\amazon\amazon-clone\amazon-clone\functions\node_modules\stripe\lib\Error.js:39:16) {"user":"    at Function.generate (C:\\Users\\user\\Desktop\\amazon\\amazon-clone\\amazon-clone\\functions\\node_modules\\stripe\\lib\\Error.js:39:16)","metadata":{"emulator":{"name":"functions"},"function":{"name":"api"},"message":"\u001b[90m> \u001b[39m     at Function.generate (C:\\Users\\user\\Desktop\\amazon\\amazon-clone\\amazon-clone\\functions\\node_modules\\stripe\\lib\\Error.js:39:16)"}}
[info] >      at IncomingMessage.<anonymous> (C:\Users\user\Desktop\amazon\amazon-clone\amazon-clone\functions\node_modules\stripe\lib\StripeResource.js:190:33) {"user":"    at IncomingMessage.<anonymous> (C:\\Users\\user\\Desktop\\amazon\\amazon-clone\\amazon-clone\\functions\\node_modules\\stripe\\lib\\StripeResource.js:190:33)","metadata":{"emulator":{"name":"functions"},"function":{"name":"api"},"message":"\u001b[90m> \u001b[39m     at IncomingMessage.<anonymous> (C:\\Users\\user\\Desktop\\amazon\\amazon-clone\\amazon-clone\\functions\\node_modules\\stripe\\lib\\StripeResource.js:190:33)"}}
[info] >      at Object.onceWrapper (events.js:420:28) {"user":"    at Object.onceWrapper (events.js:420:28)","metadata":{"emulator":{"name":"functions"},"function":{"name":"api"},"message":"\u001b[90m> \u001b[39m     at Object.onceWrapper (events.js:420:28)"}}
[info] >      at IncomingMessage.emit (events.js:326:22) {"user":"    at IncomingMessage.emit (events.js:326:22)","metadata":{"emulator":{"name":"functions"},"function":{"name":"api"},"message":"\u001b[90m> \u001b[39m     at IncomingMessage.emit (events.js:326:22)"}}
[info] >      at endReadableNT (_stream_readable.js:1223:12) {"user":"    at endReadableNT (_stream_readable.js:1223:12)","metadata":{"emulator":{"name":"functions"},"function":{"name":"api"},"message":"\u001b[90m> \u001b[39m     at endReadableNT (_stream_readable.js:1223:12)"}}
[info] >      at processTicksAndRejections (internal/process/task_queues.js:84:21) {"user":"    at processTicksAndRejections (internal/process/task_queues.js:84:21)","metadata":{"emulator":{"name":"functions"},"function":{"name":"api"},"message":"\u001b[90m> \u001b[39m     at processTicksAndRejections (internal/process/task_queues.js:84:21)"}}
[info] >  (node:288960) UnhandledPromiseRejectionWarning: Unhandled promise rejection. This error originated either by throwing inside of an async function without a catch block, or by rejecting a promise which was not handled with .catch(). To terminate the node process on unhandled promise rejection, use the CLI flag `--unhandled-rejections=strict` (see https://nodejs.org/api/cli.html#cli_unhandled_rejections_mode). (rejection id: 1) {"user":"(node:288960) UnhandledPromiseRejectionWarning: Unhandled promise rejection. This error originated either by throwing inside of an async function without a catch block, or by rejecting a promise which was not handled with .catch(). To terminate the node process on unhandled promise rejection, use the CLI flag `--unhandled-rejections=strict` (see https://nodejs.org/api/cli.html#cli_unhandled_rejections_mode). (rejection id: 1)","metadata":{"emulator":{"name":"functions"},"function":{"name":"api"},"message":"\u001b[90m> \u001b[39m (node:288960) UnhandledPromiseRejectionWarning: Unhandled promise rejection. This error originated either by throwing inside of an async function without a catch block, or by rejecting a promise which was not handled with .catch(). To terminate the node process on unhandled promise rejection, use the CLI flag `--unhandled-rejections=strict` (see https://nodejs.org/api/cli.html#cli_unhandled_rejections_mode). (rejection id: 1)"}}
[info] >  (node:288960) [DEP0018] DeprecationWarning: Unhandled promise rejections are deprecated. In the future, promise rejections that are not handled will terminate the Node.js process with a non-zero exit code. {"user":"(node:288960) [DEP0018] DeprecationWarning: Unhandled promise rejections are deprecated. In the future, promise rejections that are not handled will terminate the Node.js process with a non-zero exit code.","metadata":{"emulator":{"name":"functions"},"function":{"name":"api"},"message":"\u001b[90m> \u001b[39m (node:288960) [DEP0018] DeprecationWarning: Unhandled promise rejections are deprecated. In the future, promise rejections that are not handled will terminate the Node.js process with a non-zero exit code."}}
[warn] !  functions: Your function timed out after ~60s. To configure this timeout, see
      https://firebase.google.com/docs/functions/manage-functions#set_timeout_and_memory_allocation. {"metadata":{"emulator":{"name":"functions"},"function":{"name":"api"},"message":"Your function timed out after ~60s. To configure this timeout, see\n      https://firebase.google.com/docs/functions/manage-functions#set_timeout_and_memory_allocation."}}
[info] >  C:\Users\user\AppData\Roaming\npm\node_modules\firebase-tools\lib\emulator\functionsEmulatorRuntime.js:668 {"user":"C:\\Users\\user\\AppData\\Roaming\\npm\\node_modules\\firebase-tools\\lib\\emulator\\functionsEmulatorRuntime.js:668\r","metadata":{"emulator":{"name":"functions"},"function":{"name":"api"},"message":"\u001b[90m> \u001b[39m C:\\Users\\user\\AppData\\Roaming\\npm\\node_modules\\firebase-tools\\lib\\emulator\\functionsEmulatorRuntime.js:668\r"}}
[info] >                  throw new Error("Function timed out."); {"user":"                throw new Error(\"Function timed out.\");\r","metadata":{"emulator":{"name":"functions"},"function":{"name":"api"},"message":"\u001b[90m> \u001b[39m                 throw new Error(\"Function timed out.\");\r"}}
[info] >                  ^ {"user":"                ^\r","metadata":{"emulator":{"name":"functions"},"function":{"name":"api"},"message":"\u001b[90m> \u001b[39m                 ^\r"}}
[info] >   {"user":"\r","metadata":{"emulator":{"name":"functions"},"function":{"name":"api"},"message":"\u001b[90m> \u001b[39m \r"}}
[info] >  Error: Function timed out. {"user":"Error: Function timed out.\r","metadata":{"emulator":{"name":"functions"},"function":{"name":"api"},"message":"\u001b[90m> \u001b[39m Error: Function timed out.\r"}}
[info] >      at Timeout._onTimeout (C:\Users\user\AppData\Roaming\npm\node_modules\firebase-tools\lib\emulator\functionsEmulatorRuntime.js:668:23) {"user":"    at Timeout._onTimeout (C:\\Users\\user\\AppData\\Roaming\\npm\\node_modules\\firebase-tools\\lib\\emulator\\functionsEmulatorRuntime.js:668:23)\r","metadata":{"emulator":{"name":"functions"},"function":{"name":"api"},"message":"\u001b[90m> \u001b[39m     at Timeout._onTimeout (C:\\Users\\user\\AppData\\Roaming\\npm\\node_modules\\firebase-tools\\lib\\emulator\\functionsEmulatorRuntime.js:668:23)\r"}}
[info] >      at listOnTimeout (internal/timers.js:554:17) {"user":"    at listOnTimeout (internal/timers.js:554:17)\r","metadata":{"emulator":{"name":"functions"},"function":{"name":"api"},"message":"\u001b[90m> \u001b[39m     at listOnTimeout (internal/timers.js:554:17)\r"}}
[info] >      at processTimers (internal/timers.js:497:7) {"user":"    at processTimers (internal/timers.js:497:7)\r","metadata":{"emulator":{"name":"functions"},"function":{"name":"api"},"message":"\u001b[90m> \u001b[39m     at processTimers (internal/timers.js:497:7)\r"}}
[debug] [2020-11-24T12:28:12.500Z] [worker-api-727aa7ce-88a6-4c31-9520-73047612e600]: exited {"metadata":{"emulator":{"name":"functions"},"message":"[worker-api-727aa7ce-88a6-4c31-9520-73047612e600]: exited"}}
[debug] [2020-11-24T12:28:12.500Z] [worker-api-727aa7ce-88a6-4c31-9520-73047612e600]: FINISHED {"metadata":{"emulator":{"name":"functions"},"message":"[worker-api-727aa7ce-88a6-4c31-9520-73047612e600]: FINISHED"}}
[debug] [2020-11-24T12:28:12.501Z] [work-queue] {"queueLength":0,"workRunningCount":1}
[warn] !  functions: Your function timed out after ~60s. To configure this timeout, see
      https://firebase.google.com/docs/functions/manage-functions#set_timeout_and_memory_allocation. {"metadata":{"emulator":{"name":"functions"},"function":{"name":"api"},"message":"Your function timed out after ~60s. To configure this timeout, see\n      https://firebase.google.com/docs/functions/manage-functions#set_timeout_and_memory_allocation."}}
[info] >  C:\Users\user\AppData\Roaming\npm\node_modules\firebase-tools\lib\emulator\functionsEmulatorRuntime.js:668 {"user":"C:\\Users\\user\\AppData\\Roaming\\npm\\node_modules\\firebase-tools\\lib\\emulator\\functionsEmulatorRuntime.js:668\r","metadata":{"emulator":{"name":"functions"},"function":{"name":"api"},"message":"\u001b[90m> \u001b[39m C:\\Users\\user\\AppData\\Roaming\\npm\\node_modules\\firebase-tools\\lib\\emulator\\functionsEmulatorRuntime.js:668\r"}}
[info] >                  throw new Error("Function timed out."); {"user":"                throw new Error(\"Function timed out.\");\r","metadata":{"emulator":{"name":"functions"},"function":{"name":"api"},"message":"\u001b[90m> \u001b[39m                 throw new Error(\"Function timed out.\");\r"}}
[info] >                  ^ {"user":"                ^\r","metadata":{"emulator":{"name":"functions"},"function":{"name":"api"},"message":"\u001b[90m> \u001b[39m                 ^\r"}}
[info] >   {"user":"\r","metadata":{"emulator":{"name":"functions"},"function":{"name":"api"},"message":"\u001b[90m> \u001b[39m \r"}}
[info] >  Error: Function timed out. {"user":"Error: Function timed out.\r","metadata":{"emulator":{"name":"functions"},"function":{"name":"api"},"message":"\u001b[90m> \u001b[39m Error: Function timed out.\r"}}
[info] >      at Timeout._onTimeout (C:\Users\user\AppData\Roaming\npm\node_modules\firebase-tools\lib\emulator\functionsEmulatorRuntime.js:668:23) {"user":"    at Timeout._onTimeout (C:\\Users\\user\\AppData\\Roaming\\npm\\node_modules\\firebase-tools\\lib\\emulator\\functionsEmulatorRuntime.js:668:23)\r","metadata":{"emulator":{"name":"functions"},"function":{"name":"api"},"message":"\u001b[90m> \u001b[39m     at Timeout._onTimeout (C:\\Users\\user\\AppData\\Roaming\\npm\\node_modules\\firebase-tools\\lib\\emulator\\functionsEmulatorRuntime.js:668:23)\r"}}
[info] >      at listOnTimeout (internal/timers.js:554:17) {"user":"    at listOnTimeout (internal/timers.js:554:17)\r","metadata":{"emulator":{"name":"functions"},"function":{"name":"api"},"message":"\u001b[90m> \u001b[39m     at listOnTimeout (internal/timers.js:554:17)\r"}}
[info] >      at processTimers (internal/timers.js:497:7) {"user":"    at processTimers (internal/timers.js:497:7)\r","metadata":{"emulator":{"name":"functions"},"function":{"name":"api"},"message":"\u001b[90m> \u001b[39m     at processTimers (internal/timers.js:497:7)\r"}}
[debug] [2020-11-24T12:29:03.271Z] [worker-api-891aa61b-a2d6-4831-bdcc-48227b546ec2]: exited {"metadata":{"emulator":{"name":"functions"},"message":"[worker-api-891aa61b-a2d6-4831-bdcc-48227b546ec2]: exited"}}
[debug] [2020-11-24T12:29:03.272Z] [worker-api-891aa61b-a2d6-4831-bdcc-48227b546ec2]: FINISHED {"metadata":{"emulator":{"name":"functions"},"message":"[worker-api-891aa61b-a2d6-4831-bdcc-48227b546ec2]: FINISHED"}}
[debug] [2020-11-24T12:29:03.272Z] [work-queue] {"queueLength":0,"workRunningCount":0}
